<?xml version="1.0" encoding="UTF-8"?>
<coverage generated="1676936390193" clover="3.2.0">
  <project timestamp="1676936390193" name="All files">
    <metrics statements="16" coveredstatements="16" conditionals="6" coveredconditionals="6" methods="2" coveredmethods="2" elements="24" coveredelements="24" complexity="0" loc="16" ncloc="16" packages="1" files="1" classes="1"/>
    <file name="students.js" path="C:\Users\pulat\Desktop\students\students\students.js">
      <metrics statements="16" coveredstatements="16" conditionals="6" coveredconditionals="6" methods="2" coveredmethods="2"/>
      <line num="1" count="1" type="stmt"/>
      <line num="29" count="4" type="stmt"/>
      <line num="31" count="4" type="stmt"/>
      <line num="32" count="4" type="stmt"/>
      <line num="33" count="4" type="stmt"/>
      <line num="34" count="21" type="cond" truecount="2" falsecount="0"/>
      <line num="35" count="2" type="stmt"/>
      <line num="36" count="2" type="stmt"/>
      <line num="37" count="2" type="stmt"/>
      <line num="38" count="19" type="cond" truecount="2" falsecount="0"/>
      <line num="39" count="10" type="cond" truecount="2" falsecount="0"/>
      <line num="40" count="1" type="stmt"/>
      <line num="41" count="1" type="stmt"/>
      <line num="46" count="4" type="stmt"/>
      <line num="49" count="1" type="stmt"/>
      <line num="51" count="1" type="stmt"/>
    </file>
  </project>
</coverage>
