{"C:\\Users\\pulat\\Desktop\\students\\students\\students.js": {"path":"C:\\Users\\pulat\\Desktop\\students\\students\\students.js","statementMap":{"0":{"start":{"line":1,"column":15},"end":{"line":26,"column":3}},"1":{"start":{"line":29,"column":6},"end":{"line":47,"column":7}},"2":{"start":{"line":31,"column":24},"end":{"line":31,"column":25}},"3":{"start":{"line":32,"column":23},"end":{"line":32,"column":34}},"4":{"start":{"line":33,"column":8},"end":{"line":44,"column":11}},"5":{"start":{"line":34,"column":10},"end":{"line":43,"column":11}},"6":{"start":{"line":35,"column":12},"end":{"line":35,"column":38}},"7":{"start":{"line":36,"column":12},"end":{"line":36,"column":46}},"8":{"start":{"line":37,"column":12},"end":{"line":37,"column":39}},"9":{"start":{"line":38,"column":17},"end":{"line":43,"column":11}},"10":{"start":{"line":39,"column":12},"end":{"line":42,"column":13}},"11":{"start":{"line":40,"column":14},"end":{"line":40,"column":48}},"12":{"start":{"line":41,"column":14},"end":{"line":41,"column":41}},"13":{"start":{"line":46,"column":8},"end":{"line":46,"column":27}},"14":{"start":{"line":49,"column":4},"end":{"line":49,"column":27}},"15":{"start":{"line":51,"column":4},"end":{"line":51,"column":36}}},"fnMap":{"0":{"name":"oneBestStudent","decl":{"start":{"line":28,"column":11},"end":{"line":28,"column":25}},"loc":{"start":{"line":28,"column":34},"end":{"line":48,"column":5}},"line":28},"1":{"name":"(anonymous_1)","decl":{"start":{"line":33,"column":23},"end":{"line":33,"column":24}},"loc":{"start":{"line":33,"column":36},"end":{"line":44,"column":9}},"line":33}},"branchMap":{"0":{"loc":{"start":{"line":34,"column":10},"end":{"line":43,"column":11}},"type":"if","locations":[{"start":{"line":34,"column":10},"end":{"line":43,"column":11}},{"start":{"line":38,"column":17},"end":{"line":43,"column":11}}],"line":34},"1":{"loc":{"start":{"line":38,"column":17},"end":{"line":43,"column":11}},"type":"if","locations":[{"start":{"line":38,"column":17},"end":{"line":43,"column":11}},{"start":{},"end":{}}],"line":38},"2":{"loc":{"start":{"line":39,"column":12},"end":{"line":42,"column":13}},"type":"if","locations":[{"start":{"line":39,"column":12},"end":{"line":42,"column":13}},{"start":{},"end":{}}],"line":39}},"s":{"0":1,"1":4,"2":4,"3":4,"4":4,"5":21,"6":2,"7":2,"8":2,"9":19,"10":10,"11":1,"12":1,"13":4,"14":1,"15":1},"f":{"0":4,"1":21},"b":{"0":[2,19],"1":[10,9],"2":[1,9]},"_coverageSchema":"1a1c01bbd47fc00a2c39e90264f33305004495a9","hash":"920b306af6d8845e6747f11cba01dd6973059335"}
}
